<?xml version="1.0" encoding="UTF-8"?>
<!-- Generated by org.testng.reporters.JUnitXMLReporter -->
<testsuite hostname="DESKTOP-B2220QC" ignored="0" name="FirefoxTest" tests="4" failures="0" timestamp="2022-05-21T10:12:05 IST" time="0.276" errors="0">
  <testcase name="@BeforeTest beforeTest" time="-1.653108125409E9" classname="tests.TestClass2">
    <failure type="org.testng.TestNGException" message="
Parameter &amp;apos;alpha&amp;apos; is required by BeforeTest on method beforeTest but has not been marked @Optional or defined
in C:\Users\Akash\eclipse-workspace\New folder\New folder\SeleniumTest\regression1.xml">
      <![CDATA[org.testng.TestNGException: 
Parameter 'alpha' is required by BeforeTest on method beforeTest but has not been marked @Optional or defined
in C:\Users\Akash\eclipse-workspace\New folder\New folder\SeleniumTest\regression1.xml
... Removed 21 stack frames]]>
    </failure>
  </testcase> <!-- @BeforeTest beforeTest -->
  <testcase name="@BeforeClass beforeClass" time="-1.653108125433E9" classname="tests.TestClass">
    <skipped/>
  </testcase> <!-- @BeforeClass beforeClass -->
  <testcase name="@BeforeMethod beforeMethod" time="-1.653108125455E9" classname="tests.TestClass">
    <skipped/>
  </testcase> <!-- @BeforeMethod beforeMethod -->
  <testcase name="@AfterMethod afterMethod" time="-1.653108125484E9" classname="tests.TestClass">
    <skipped/>
  </testcase> <!-- @AfterMethod afterMethod -->
  <testcase name="@BeforeMethod beforeMethod" time="-1.653108125493E9" classname="tests.TestClass">
    <skipped/>
  </testcase> <!-- @BeforeMethod beforeMethod -->
  <testcase name="@AfterMethod afterMethod" time="-1.653108125517E9" classname="tests.TestClass">
    <skipped/>
  </testcase> <!-- @AfterMethod afterMethod -->
  <testcase name="@AfterClass afterClass" time="-1.653108125537E9" classname="tests.TestClass">
    <skipped/>
  </testcase> <!-- @AfterClass afterClass -->
  <testcase name="@BeforeClass beforeClass" time="-1.65310812556E9" classname="tests.TestClass2">
    <skipped/>
  </testcase> <!-- @BeforeClass beforeClass -->
  <testcase name="@BeforeMethod beforeMethod" time="-1.653108125571E9" classname="tests.TestClass2">
    <skipped/>
  </testcase> <!-- @BeforeMethod beforeMethod -->
  <testcase name="@AfterMethod afterMethod" time="-1.653108125586E9" classname="tests.TestClass2">
    <skipped/>
  </testcase> <!-- @AfterMethod afterMethod -->
  <testcase name="@BeforeMethod beforeMethod" time="-1.6531081256E9" classname="tests.TestClass2">
    <skipped/>
  </testcase> <!-- @BeforeMethod beforeMethod -->
  <testcase name="@AfterMethod afterMethod" time="-1.653108125619E9" classname="tests.TestClass2">
    <skipped/>
  </testcase> <!-- @AfterMethod afterMethod -->
  <testcase name="@AfterClass afterClass" time="-1.653108125642E9" classname="tests.TestClass2">
    <skipped/>
  </testcase> <!-- @AfterClass afterClass -->
  <testcase name="@AfterTest afterTest" time="-1.653108125669E9" classname="tests.TestClass">
    <skipped/>
  </testcase> <!-- @AfterTest afterTest -->
  <testcase name="@AfterTest afterTest" time="-1.653108125675E9" classname="tests.TestClass2">
    <skipped/>
  </testcase> <!-- @AfterTest afterTest -->
  <testcase name="testA" time="0.0" classname="tests.TestClass">
    <skipped/>
  </testcase> <!-- testA -->
  <testcase name="testB" time="0.0" classname="tests.TestClass">
    <skipped/>
  </testcase> <!-- testB -->
  <testcase name="testA" time="0.0" classname="tests.TestClass2">
    <skipped/>
  </testcase> <!-- testA -->
  <testcase name="testB" time="0.0" classname="tests.TestClass2">
    <skipped/>
  </testcase> <!-- testB -->
</testsuite> <!-- FirefoxTest -->
